ğŸ§ª ZAAWANSOWANY TEST GRY - START: 2025-09-13 21:10:41.751845
================================================================================

[21:10:41] INFO: 
============================================================
[21:10:41] INFO: ğŸ§ª TEST #1: quick_balanced
[21:10:41] INFO: ğŸ“‹ Opis: Szybki test zbalansowany
[21:10:41] INFO: ğŸ¯ Max tur: 6
[21:10:41] INFO: ğŸ¤– Profile AI: {'polish': 'balanced', 'german': 'balanced'}
[21:10:41] INFO: ============================================================
[21:10:41] INFO: ğŸ® Tworzenie gry testowej: quick_balanced
[21:10:41] ERROR: âŒ BÅ‚Ä…d tworzenia gry testowej: clean_all_for_new_game() got an unexpected keyword argument 'silent'
[21:10:41] ERROR: Traceback: Traceback (most recent call last):
  File "C:\Users\klif\OneDrive\Pulpit\gra wojenna 17082025\tests\advanced_game_tester.py", line 242, in create_test_game
    clean_all_for_new_game(silent=True)
TypeError: clean_all_for_new_game() got an unexpected keyword argument 'silent'

[21:10:41] ERROR: âŒ KRYTYCZNY BÅÄ„D w teÅ›cie quick_balanced: clean_all_for_new_game() got an unexpected keyword argument 'silent'
[21:10:41] ERROR: Traceback: Traceback (most recent call last):
  File "C:\Users\klif\OneDrive\Pulpit\gra wojenna 17082025\tests\advanced_game_tester.py", line 398, in run_single_test
    game_engine, players = self.create_test_game(scenario)
                           ^^^^^^^^^^^^^^^^^^^^^^^^^^^^^^^
  File "C:\Users\klif\OneDrive\Pulpit\gra wojenna 17082025\tests\advanced_game_tester.py", line 242, in create_test_game
    clean_all_for_new_game(silent=True)
TypeError: clean_all_for_new_game() got an unexpected keyword argument 'silent'

[21:10:41] INFO: âœ… Test quick_balanced zakoÅ„czony
[21:10:41] INFO: â±ï¸ Czas: 0.0s
[21:10:41] INFO: ğŸ† Wynik: ERROR
[21:10:41] INFO: ğŸ“Š Performance: 0.0/100
[21:10:41] INFO: 
============================================================
[21:10:41] INFO: ğŸ§ª TEST #2: quick_aggressive
[21:10:41] INFO: ğŸ“‹ Opis: Szybki test agresywny
[21:10:41] INFO: ğŸ¯ Max tur: 5
[21:10:41] INFO: ğŸ¤– Profile AI: {'polish': 'aggressive', 'german': 'aggressive'}
[21:10:41] INFO: ============================================================
[21:10:41] INFO: ğŸ® Tworzenie gry testowej: quick_aggressive
[21:10:41] ERROR: âŒ BÅ‚Ä…d tworzenia gry testowej: clean_all_for_new_game() got an unexpected keyword argument 'silent'
[21:10:41] ERROR: Traceback: Traceback (most recent call last):
  File "C:\Users\klif\OneDrive\Pulpit\gra wojenna 17082025\tests\advanced_game_tester.py", line 242, in create_test_game
    clean_all_for_new_game(silent=True)
TypeError: clean_all_for_new_game() got an unexpected keyword argument 'silent'

[21:10:41] ERROR: âŒ KRYTYCZNY BÅÄ„D w teÅ›cie quick_aggressive: clean_all_for_new_game() got an unexpected keyword argument 'silent'
[21:10:41] ERROR: Traceback: Traceback (most recent call last):
  File "C:\Users\klif\OneDrive\Pulpit\gra wojenna 17082025\tests\advanced_game_tester.py", line 398, in run_single_test
    game_engine, players = self.create_test_game(scenario)
                           ^^^^^^^^^^^^^^^^^^^^^^^^^^^^^^^
  File "C:\Users\klif\OneDrive\Pulpit\gra wojenna 17082025\tests\advanced_game_tester.py", line 242, in create_test_game
    clean_all_for_new_game(silent=True)
TypeError: clean_all_for_new_game() got an unexpected keyword argument 'silent'

[21:10:41] INFO: âœ… Test quick_aggressive zakoÅ„czony
[21:10:41] INFO: â±ï¸ Czas: 0.0s
[21:10:41] INFO: ğŸ† Wynik: ERROR
[21:10:41] INFO: ğŸ“Š Performance: 0.0/100
[21:10:41] INFO: 
============================================================
[21:10:41] INFO: ğŸ§ª TEST #3: quick_mixed
[21:10:41] INFO: ğŸ“‹ Opis: Szybki test mieszany
[21:10:41] INFO: ğŸ¯ Max tur: 6
[21:10:41] INFO: ğŸ¤– Profile AI: {'polish': 'defensive', 'german': 'aggressive'}
[21:10:41] INFO: ============================================================
[21:10:41] INFO: ğŸ® Tworzenie gry testowej: quick_mixed
[21:10:41] ERROR: âŒ BÅ‚Ä…d tworzenia gry testowej: clean_all_for_new_game() got an unexpected keyword argument 'silent'
[21:10:41] ERROR: Traceback: Traceback (most recent call last):
  File "C:\Users\klif\OneDrive\Pulpit\gra wojenna 17082025\tests\advanced_game_tester.py", line 242, in create_test_game
    clean_all_for_new_game(silent=True)
TypeError: clean_all_for_new_game() got an unexpected keyword argument 'silent'

[21:10:41] ERROR: âŒ KRYTYCZNY BÅÄ„D w teÅ›cie quick_mixed: clean_all_for_new_game() got an unexpected keyword argument 'silent'
[21:10:41] ERROR: Traceback: Traceback (most recent call last):
  File "C:\Users\klif\OneDrive\Pulpit\gra wojenna 17082025\tests\advanced_game_tester.py", line 398, in run_single_test
    game_engine, players = self.create_test_game(scenario)
                           ^^^^^^^^^^^^^^^^^^^^^^^^^^^^^^^
  File "C:\Users\klif\OneDrive\Pulpit\gra wojenna 17082025\tests\advanced_game_tester.py", line 242, in create_test_game
    clean_all_for_new_game(silent=True)
TypeError: clean_all_for_new_game() got an unexpected keyword argument 'silent'

[21:10:41] INFO: âœ… Test quick_mixed zakoÅ„czony
[21:10:41] INFO: â±ï¸ Czas: 0.0s
[21:10:41] INFO: ğŸ† Wynik: ERROR
[21:10:41] INFO: ğŸ“Š Performance: 0.0/100
